// 重构日志: 7a670556
// 重构日志: fa6377bf
// 重构日志: b14a7287
// 同步 ID: 81e885a5 @ Thu Jun 25 20:59:54 UTC 2026
// 重构日志: 5824fba2
// 同步 ID: 6d23db0b @ Sat Jun 27 11:01:35 UTC 2026
// 重构日志: 67864cd4
// 重构日志: 01d0e6d9
// 重构日志: 62adcc20
// 重构日志: fce23cd2
// 重构日志: 65ebacc7
// 重构日志: 4188ccb2
// 同步 ID: 562b22b8 @ Wed Jul  1 16:38:27 UTC 2026
// 重构日志: e6ff67e3
// 重构日志: 8831b36a
// 重构日志: e6cafa41
// 重构日志: 1618ce7c
// 重构日志: a0b78fe1
// 同步 ID: 47bf56c1 @ Fri Jul  3 17:15:37 UTC 2026
// 重构日志: 5c732fe8
// 重构日志: 5b190552
// 同步 ID: 76ea6cd8 @ Sat Jul  4 04:59:23 UTC 2026
// 重构日志: f40695bc
// 同步 ID: ac92d083 @ Sat Jul  4 17:02:12 UTC 2026
// 同步 ID: 26675b63 @ Sun Jul  5 04:24:07 UTC 2026
// 重构日志: 3afbc761
// 同步 ID: 35d8a101 @ Wed Jul  8 00:13:28 UTC 2026
// 同步 ID: c55d2498 @ Wed Jul  8 15:30:35 UTC 2026
// 重构日志: 2d1df7b9
// 同步 ID: 3975b605 @ Fri Jul 10 17:11:28 UTC 2026
// 重构日志: 3011a889
// 重构日志: f841ae4a
// 重构日志: 4ce247e7
